[+] Containers:
 |- [+] Container: /Game/Maps/Map_Main
 |   |- [+] ActorDescs:
 |   |   |- Guid:01500DE6404E8D25075984BABEE8FE5A BaseClass:/Game/Actor/Portal/BP_Portal_Street_1.BP_Portal_Street_1_C NativeClass:/Script/Engine.Actor Name:BP_Portal_Street_1_C_UAID_A8A159B5737FC09301_1077953191 Label:BP_Portal_Street_1 SpatiallyLoaded:1 Bounds:IsValid=true, Min=(X=435.105 Y=10190.000 Z=0.000), Max=(X=610.000 Y=10312.000 Z=250.000) RuntimeGrid:None EditorOnly:0 RuntimeOnly:0 HLODRelevant:0
 |   |   |- Guid:08AB8139446457537734BFB9E67F8FB6 BaseClass:/Game/Actor/Item/BP_Item_Cloth_1.BP_Item_Cloth_1_C NativeClass:/Script/Engine.Actor Name:BP_Item_Cloth_1_C_UAID_A8A159B5737FC69301_1725996240 Label:BP_Item_Cloth_1 SpatiallyLoaded:1 Bounds:IsValid=true, Min=(X=735.105 Y=5340.000 Z=0.000), Max=(X=910.000 Y=5462.000 Z=250.000) RuntimeGrid:None EditorOnly:0 RuntimeOnly:0 HLODRelevant:0
 |   |   |- Guid:10A40D4343F5EFF7738C5DBA1C5EB550 BaseClass:/Game/Actor/Item/BP_Item_Hair_2.BP_Item_Hair_2_C NativeClass:/Script/Engine.Actor Name:BP_Item_Hair_2_C_UAID_A8A159B5737FC69301_1778748244 Label:BP_Item_Hair_2 SpatiallyLoaded:1 Bounds:IsValid=true, Min=(X=635.105 Y=6340.000 Z=0.000), Max=(X=810.000 Y=6462.000 Z=250.000) RuntimeGrid:None EditorOnly:0 RuntimeOnly:0 HLODRelevant:0
 |   |   |- Guid:1638944C481FD4491A676A814938E70A BaseClass:/Game/Actor/Portal/BP_Portal_MeetingRoom_2.BP_Portal_MeetingRoom_2_C NativeClass:/Script/Engine.Actor Name:BP_Portal_MeetingRoom_2_C_UAID_A8A159B5737FBF9301_1826600012 Label:BP_Portal_MeetingRoom_2 SpatiallyLoaded:1 Bounds:IsValid=true, Min=(X=205.105 Y=1820.000 Z=0.000), Max=(X=380.000 Y=1942.000 Z=250.000) RuntimeGrid:None EditorOnly:0 RuntimeOnly:0 HLODRelevant:0
 |   |   |- Guid:19C9E7F94B249F5402117281E0814704 BaseClass:/Game/Actor/Item/BP_Item_Hair_1.BP_Item_Hair_1_C NativeClass:/Script/Engine.Actor Name:BP_Item_Hair_1_C_UAID_A8A159B5737FC69301_1777162243 Label:BP_Item_Hair_1 SpatiallyLoaded:1 Bounds:IsValid=true, Min=(X=635.105 Y=6190.000 Z=0.000), Max=(X=810.000 Y=6312.000 Z=250.000) RuntimeGrid:None EditorOnly:0 RuntimeOnly:0 HLODRelevant:0
 |   |   |- Guid:1A08B1CA495170D93E7D5094FCA77276 BaseClass:/Game/Player/BP_Player.BP_Player_C NativeClass:/Script/Paper2D.PaperCharacter Name:BP_Player_C_UAID_A8A159B5737F7A9301_1575089863 Label:BP_Player SpatiallyLoaded:1 Bounds:IsValid=true, Min=(X=417.389 Y=256.000 Z=10.733), Max=(X=582.611 Y=377.000 Z=189.267) RuntimeGrid:None EditorOnly:0 RuntimeOnly:0 HLODRelevant:0
 |   |   |- Guid:250C12924F1CCB715D8E4E858C70DFFF BaseClass: NativeClass:/Script/Engine.PostProcessVolume Name:PostProcessVolume_0 Label:PostProcessVolume SpatiallyLoaded:0 Bounds:IsValid=true, Min=(X=0.000 Y=0.000 Z=400.000), Max=(X=200.000 Y=200.000 Z=600.000) RuntimeGrid:None EditorOnly:0 RuntimeOnly:0 HLODRelevant:0 FolderPath:Lighting FolderGuid:963EC3EB4002CCE9759E2EBA541A873A
 |   |   |- Guid:2EF2D21846B868F14E273B9B9E0F5D03 BaseClass: NativeClass:/Script/Engine.ExponentialHeightFog Name:ExponentialHeightFog_0 Label:ExponentialHeightFog SpatiallyLoaded:0 Bounds:IsValid=true, Min=(X=-5600.000 Y=-50.000 Z=-6850.000), Max=(X=-5600.000 Y=-50.000 Z=-6850.000) RuntimeGrid:None EditorOnly:0 RuntimeOnly:0 HLODRelevant:0 FolderPath:Lighting FolderGuid:963EC3EB4002CCE9759E2EBA541A873A
 |   |   |- Guid:4A6A59DB4A00A459F73400938620DCB3 BaseClass: NativeClass:/Script/Engine.StaticMeshActor Name:StaticMeshActor_UAID_A8A159B5737FBF9301_1438391007 Label:SM_Plane_1m_WorkingRoom SpatiallyLoaded:1 Bounds:IsValid=true, Min=(X=7.776 Y=5027.218 Z=-0.000), Max=(X=1007.776 Y=8527.218 Z=0.000) RuntimeGrid:None EditorOnly:0 RuntimeOnly:0 HLODRelevant:1
 |   |   |- Guid:50396ED644C042240C073298E3130269 BaseClass: NativeClass:/Script/Engine.StaticMeshActor Name:StaticMeshActor_UAID_A4AE111137DC5EFB00_1110535423 Label:SM_SkySphere SpatiallyLoaded:0 Bounds:IsValid=true, Min=(X=-1638400.000 Y=-1638400.000 Z=-1638400.000), Max=(X=1638400.000 Y=1638400.000 Z=1638400.000) RuntimeGrid:None EditorOnly:0 RuntimeOnly:0 HLODRelevant:1 FolderPath:Lighting FolderGuid:963EC3EB4002CCE9759E2EBA541A873A
 |   |   |- Guid:5133BC714C5C2558CD9822BB9EAB5F94 BaseClass: NativeClass:/Script/Engine.VolumetricCloud Name:VolumetricCloud_0 Label:VolumetricCloud SpatiallyLoaded:0 Bounds:IsValid=true, Min=(X=0.000 Y=0.000 Z=820.000), Max=(X=0.000 Y=0.000 Z=820.000) RuntimeGrid:None EditorOnly:0 RuntimeOnly:0 HLODRelevant:0 FolderPath:Lighting FolderGuid:963EC3EB4002CCE9759E2EBA541A873A
 |   |   |- Guid:5461DA7B47E99ED0A99CAD9D3F836E4F BaseClass:/Game/Actor/Portal/BP_Portal_Street_2.BP_Portal_Street_2_C NativeClass:/Script/Engine.Actor Name:BP_Portal_Street_2_C_UAID_A8A159B5737FBF9301_2109904014 Label:BP_Portal_Street_2 SpatiallyLoaded:1 Bounds:IsValid=true, Min=(X=435.105 Y=11640.000 Z=0.000), Max=(X=610.000 Y=11762.000 Z=250.000) RuntimeGrid:None EditorOnly:0 RuntimeOnly:0 HLODRelevant:0
 |   |   |- Guid:5A23C51247373030524FF785BA047E57 BaseClass:/Game/Actor/Item/BP_Item_Book_2.BP_Item_Book_2_C NativeClass:/Script/Engine.Actor Name:BP_Item_Book_2_C_UAID_A8A159B5737FC69301_1788361247 Label:BP_Item_Book_2 SpatiallyLoaded:1 Bounds:IsValid=true, Min=(X=635.105 Y=7090.000 Z=0.000), Max=(X=810.000 Y=7212.000 Z=250.000) RuntimeGrid:None EditorOnly:0 RuntimeOnly:0 HLODRelevant:0
 |   |   |- Guid:5DEF9E064BBB572FBFC394BEE2CBFA77 BaseClass:/Game/Actor/Item/BP_Item_Cloth_3.BP_Item_Cloth_3_C NativeClass:/Script/Engine.Actor Name:BP_Item_Cloth_3_C_UAID_A8A159B5737FC69301_1756661242 Label:BP_Item_Cloth_3 SpatiallyLoaded:1 Bounds:IsValid=true, Min=(X=735.105 Y=5740.000 Z=0.000), Max=(X=910.000 Y=5862.000 Z=250.000) RuntimeGrid:None EditorOnly:0 RuntimeOnly:0 HLODRelevant:0
 |   |   |- Guid:69F109C946485CBE485AA5AAADE46B28 BaseClass:/Game/Actor/Item/BP_Item_Cloth_2.BP_Item_Cloth_2_C NativeClass:/Script/Engine.Actor Name:BP_Item_Cloth_2_C_UAID_A8A159B5737FC69301_1747692241 Label:BP_Item_Cloth_2 SpatiallyLoaded:1 Bounds:IsValid=true, Min=(X=735.105 Y=5540.000 Z=0.000), Max=(X=910.000 Y=5662.000 Z=250.000) RuntimeGrid:None EditorOnly:0 RuntimeOnly:0 HLODRelevant:0
 |   |   |- Guid:707303A8459BCE7265E7FD95A51F57FD BaseClass:/Game/Actor/Portal/BP_Portal_Bar_3.BP_Portal_Bar_3_C NativeClass:/Script/Engine.Actor Name:BP_Portal_Bar_3_C_UAID_A8A159B5737FC09301_1904209195 Label:BP_Portal_Bar_3 SpatiallyLoaded:1 Bounds:IsValid=true, Min=(X=235.105 Y=16640.000 Z=0.000), Max=(X=410.000 Y=16762.000 Z=250.000) RuntimeGrid:None EditorOnly:0 RuntimeOnly:0 HLODRelevant:0
 |   |   |- Guid:88E3B8224DB514C9550DBF94E0F8D2AE BaseClass: NativeClass:/Script/Engine.SkyLight Name:SkyLight_1 Label:SkyLight SpatiallyLoaded:0 Bounds:IsValid=true, Min=(X=0.000 Y=0.000 Z=690.000), Max=(X=0.000 Y=0.000 Z=690.000) RuntimeGrid:None EditorOnly:0 RuntimeOnly:0 HLODRelevant:0 FolderPath:Lighting FolderGuid:963EC3EB4002CCE9759E2EBA541A873A
 |   |   |- Guid:8E7F0E3547E2F20DEEEF2981F35DEF4C BaseClass:/Game/Actor/Portal/BP_Portal_Bar_1.BP_Portal_Bar_1_C NativeClass:/Script/Engine.Actor Name:BP_Portal_Bar_1_C_UAID_A8A159B5737FC09301_1197188192 Label:BP_Portal_Bar_1 SpatiallyLoaded:1 Bounds:IsValid=true, Min=(X=285.105 Y=15440.000 Z=0.000), Max=(X=460.000 Y=15562.000 Z=250.000) RuntimeGrid:None EditorOnly:0 RuntimeOnly:0 HLODRelevant:0
 |   |   |- Guid:9E8193174C55B9B8F068D79BC1F862C9 BaseClass:/Game/Actor/Portal/BP_Portal_MeetingRoom_1.BP_Portal_MeetingRoom_1_C NativeClass:/Script/Engine.Actor Name:BP_Portal_MeetingRoom_1_C_UAID_A8A159B5737FBF9301_1766930011 Label:BP_Portal_MeetingRoom_1 SpatiallyLoaded:1 Bounds:IsValid=true, Min=(X=205.105 Y=60.000 Z=0.000), Max=(X=380.000 Y=182.000 Z=250.000) RuntimeGrid:None EditorOnly:0 RuntimeOnly:0 HLODRelevant:0
 |   |   |- Guid:A6CDDA594A21AED20FB424884ED2E9CE BaseClass:/Game/Actor/Portal/BP_Portal_WorkRoom.BP_Portal_WorkRoom_C NativeClass:/Script/Engine.Actor Name:BP_Portal_WorkRoom_C_UAID_A8A159B5737FBF9301_1936607013 Label:BP_Portal_WorkRoom SpatiallyLoaded:1 Bounds:IsValid=true, Min=(X=205.105 Y=5060.000 Z=0.000), Max=(X=380.000 Y=5182.000 Z=250.000) RuntimeGrid:None EditorOnly:0 RuntimeOnly:0 HLODRelevant:0
 |   |   |- Guid:AD69DB9F47DE74A76F8EBAA0A875368A BaseClass:/Game/Actor/Static/BP_Static.BP_Static_C NativeClass:/Script/Engine.Actor Name:BP_Static_C_UAID_A8A159B5737FC59301_1275176063 Label:BP_Static SpatiallyLoaded:1 Bounds:IsValid=true, Min=(X=500.000 Y=752.333 Z=2.333), Max=(X=500.000 Y=1052.333 Z=302.333) RuntimeGrid:None EditorOnly:0 RuntimeOnly:0 HLODRelevant:0
 |   |   |- Guid:B0F0DDE2464901383A75FCBC1581FC09 BaseClass: NativeClass:/Script/Engine.StaticMeshActor Name:StaticMeshActor_UAID_A8A159B5737FBF9301_1626629010 Label:SM_Plane_1m_VIP SpatiallyLoaded:1 Bounds:IsValid=true, Min=(X=7.776 Y=20007.776 Z=-0.000), Max=(X=1007.776 Y=21007.776 Z=0.000) RuntimeGrid:None EditorOnly:0 RuntimeOnly:0 HLODRelevant:1
 |   |   |- Guid:BA94115F4322BACD945913956C66E946 BaseClass: NativeClass:/Script/Engine.StaticMeshActor Name:StaticMeshActor_UAID_A8A159B5737FBF9301_1595308009 Label:SM_Plane_1m_Bar SpatiallyLoaded:1 Bounds:IsValid=true, Min=(X=7.776 Y=15015.553 Z=-0.000), Max=(X=1007.776 Y=17015.553 Z=0.000) RuntimeGrid:None EditorOnly:0 RuntimeOnly:0 HLODRelevant:1
 |   |   |- Guid:BD1C3E4842BCE62914B27CBA98B02931 BaseClass:/Game/Actor/Portal/BP_Portal_VIP.BP_Portal_VIP_C NativeClass:/Script/Engine.Actor Name:BP_Portal_VIP_C_UAID_A8A159B5737FC09301_1258991194 Label:BP_Portal_VIP SpatiallyLoaded:1 Bounds:IsValid=true, Min=(X=335.105 Y=20190.000 Z=0.000), Max=(X=510.000 Y=20312.000 Z=250.000) RuntimeGrid:None EditorOnly:0 RuntimeOnly:0 HLODRelevant:0
 |   |   |- Guid:C3BACE354E5F8B182A15078A4EBB3342 BaseClass: NativeClass:/Script/Engine.WorldDataLayers Name:WorldDataLayers Label:WorldDataLayers SpatiallyLoaded:0 Bounds:IsValid=true, Min=(X=0.000 Y=0.000 Z=0.000), Max=(X=0.000 Y=0.000 Z=0.000) RuntimeGrid:None EditorOnly:0 RuntimeOnly:0 HLODRelevant:0
 |   |   |- Guid:D0031AB5466CDDBD5A992C8CE43A8D14 BaseClass:/Game/Actor/Item/BP_Item_Book_1.BP_Item_Book_1_C NativeClass:/Script/Engine.Actor Name:BP_Item_Book_1_C_UAID_A8A159B5737FC69301_1786118246 Label:BP_Item_Book_1 SpatiallyLoaded:1 Bounds:IsValid=true, Min=(X=635.105 Y=6940.000 Z=0.000), Max=(X=810.000 Y=7062.000 Z=250.000) RuntimeGrid:None EditorOnly:0 RuntimeOnly:0 HLODRelevant:0
 |   |   |- Guid:D436E1604B44181A49450EB18C63764E BaseClass: NativeClass:/Script/Engine.StaticMeshActor Name:StaticMeshActor_UAID_A8A159B5737F7D9301_1939543392 Label:SM_Plane_1m_MeetingRoom SpatiallyLoaded:1 Bounds:IsValid=true, Min=(X=7.776 Y=15.553 Z=-0.000), Max=(X=1007.776 Y=2015.553 Z=0.000) RuntimeGrid:None EditorOnly:0 RuntimeOnly:0 HLODRelevant:1
 |   |   |- Guid:D590BFC342A40CB519CAC3A84E73105D BaseClass:/Game/Actor/Item/BP_Item_Book_3.BP_Item_Book_3_C NativeClass:/Script/Engine.Actor Name:BP_Item_Book_3_C_UAID_A8A159B5737FC69301_1789871248 Label:BP_Item_Book_3 SpatiallyLoaded:1 Bounds:IsValid=true, Min=(X=635.105 Y=7240.000 Z=0.000), Max=(X=810.000 Y=7362.000 Z=250.000) RuntimeGrid:None EditorOnly:0 RuntimeOnly:0 HLODRelevant:0
 |   |   |- Guid:E6D1FD3140E336EB25380A8F978EFFD8 BaseClass: NativeClass:/Script/Engine.StaticMeshActor Name:StaticMeshActor_UAID_A8A159B5737FBF9301_1529790008 Label:SM_Plane_1m_Street SpatiallyLoaded:1 Bounds:IsValid=true, Min=(X=7.776 Y=10015.553 Z=-0.000), Max=(X=1007.776 Y=12015.553 Z=0.000) RuntimeGrid:None EditorOnly:0 RuntimeOnly:0 HLODRelevant:1
 |   |   |- Guid:EED7C046491564E983C928814662B73C BaseClass: NativeClass:/Script/Engine.SkyAtmosphere Name:SkyAtmosphere_0 Label:SkyAtmosphere SpatiallyLoaded:0 Bounds:IsValid=true, Min=(X=0.000 Y=0.000 Z=1020.000), Max=(X=0.000 Y=0.000 Z=1020.000) RuntimeGrid:None EditorOnly:0 RuntimeOnly:0 HLODRelevant:0 FolderPath:Lighting FolderGuid:963EC3EB4002CCE9759E2EBA541A873A
 |   |   |- Guid:F03267AE47473A6D4D66CE9CB8062495 BaseClass:/Game/Actor/Item/BP_Item_Hair_3.BP_Item_Hair_3_C NativeClass:/Script/Engine.Actor Name:BP_Item_Hair_3_C_UAID_A8A159B5737FC69301_1780316245 Label:BP_Item_Hair_3 SpatiallyLoaded:1 Bounds:IsValid=true, Min=(X=635.105 Y=6540.000 Z=0.000), Max=(X=810.000 Y=6662.000 Z=250.000) RuntimeGrid:None EditorOnly:0 RuntimeOnly:0 HLODRelevant:0
 |   |   |- Guid:FEFBE15E4D8B00B2FCD56E82DBBAA449 BaseClass: NativeClass:/Script/Engine.DirectionalLight Name:DirectionalLight_0 Label:DirectionalLight SpatiallyLoaded:0 Bounds:IsValid=true, Min=(X=-4398046511104.000 Y=-4398046511104.000 Z=-4398046511104.000), Max=(X=4398046511104.000 Y=4398046511104.000 Z=4398046511104.000) RuntimeGrid:None EditorOnly:0 RuntimeOnly:0 HLODRelevant:0 FolderPath:Lighting FolderGuid:963EC3EB4002CCE9759E2EBA541A873A
 |   |- [+] Clusters:
 |   |   |- [+] [  0]
 |   |   |   |- Guid:9E8193174C55B9B8F068D79BC1F862C9 BaseClass:/Game/Actor/Portal/BP_Portal_MeetingRoom_1.BP_Portal_MeetingRoom_1_C NativeClass:/Script/Engine.Actor Name:BP_Portal_MeetingRoom_1_C_UAID_A8A159B5737FBF9301_1766930011 Label:BP_Portal_MeetingRoom_1 SpatiallyLoaded:1 Bounds:IsValid=true, Min=(X=205.105 Y=60.000 Z=0.000), Max=(X=380.000 Y=182.000 Z=250.000) RuntimeGrid:None EditorOnly:0 RuntimeOnly:0 HLODRelevant:0
 |   |   |- [+] [  1]
 |   |   |   |- Guid:01500DE6404E8D25075984BABEE8FE5A BaseClass:/Game/Actor/Portal/BP_Portal_Street_1.BP_Portal_Street_1_C NativeClass:/Script/Engine.Actor Name:BP_Portal_Street_1_C_UAID_A8A159B5737FC09301_1077953191 Label:BP_Portal_Street_1 SpatiallyLoaded:1 Bounds:IsValid=true, Min=(X=435.105 Y=10190.000 Z=0.000), Max=(X=610.000 Y=10312.000 Z=250.000) RuntimeGrid:None EditorOnly:0 RuntimeOnly:0 HLODRelevant:0
 |   |   |- [+] [  2]
 |   |   |   |- Guid:88E3B8224DB514C9550DBF94E0F8D2AE BaseClass: NativeClass:/Script/Engine.SkyLight Name:SkyLight_1 Label:SkyLight SpatiallyLoaded:0 Bounds:IsValid=true, Min=(X=0.000 Y=0.000 Z=690.000), Max=(X=0.000 Y=0.000 Z=690.000) RuntimeGrid:None EditorOnly:0 RuntimeOnly:0 HLODRelevant:0 FolderPath:Lighting FolderGuid:963EC3EB4002CCE9759E2EBA541A873A
 |   |   |- [+] [  3]
 |   |   |   |- Guid:EED7C046491564E983C928814662B73C BaseClass: NativeClass:/Script/Engine.SkyAtmosphere Name:SkyAtmosphere_0 Label:SkyAtmosphere SpatiallyLoaded:0 Bounds:IsValid=true, Min=(X=0.000 Y=0.000 Z=1020.000), Max=(X=0.000 Y=0.000 Z=1020.000) RuntimeGrid:None EditorOnly:0 RuntimeOnly:0 HLODRelevant:0 FolderPath:Lighting FolderGuid:963EC3EB4002CCE9759E2EBA541A873A
 |   |   |- [+] [  4]
 |   |   |   |- Guid:5133BC714C5C2558CD9822BB9EAB5F94 BaseClass: NativeClass:/Script/Engine.VolumetricCloud Name:VolumetricCloud_0 Label:VolumetricCloud SpatiallyLoaded:0 Bounds:IsValid=true, Min=(X=0.000 Y=0.000 Z=820.000), Max=(X=0.000 Y=0.000 Z=820.000) RuntimeGrid:None EditorOnly:0 RuntimeOnly:0 HLODRelevant:0 FolderPath:Lighting FolderGuid:963EC3EB4002CCE9759E2EBA541A873A
 |   |   |- [+] [  5]
 |   |   |   |- Guid:D436E1604B44181A49450EB18C63764E BaseClass: NativeClass:/Script/Engine.StaticMeshActor Name:StaticMeshActor_UAID_A8A159B5737F7D9301_1939543392 Label:SM_Plane_1m_MeetingRoom SpatiallyLoaded:1 Bounds:IsValid=true, Min=(X=7.776 Y=15.553 Z=-0.000), Max=(X=1007.776 Y=2015.553 Z=0.000) RuntimeGrid:None EditorOnly:0 RuntimeOnly:0 HLODRelevant:1
 |   |   |- [+] [  6]
 |   |   |   |- Guid:1A08B1CA495170D93E7D5094FCA77276 BaseClass:/Game/Player/BP_Player.BP_Player_C NativeClass:/Script/Paper2D.PaperCharacter Name:BP_Player_C_UAID_A8A159B5737F7A9301_1575089863 Label:BP_Player SpatiallyLoaded:1 Bounds:IsValid=true, Min=(X=417.389 Y=256.000 Z=10.733), Max=(X=582.611 Y=377.000 Z=189.267) RuntimeGrid:None EditorOnly:0 RuntimeOnly:0 HLODRelevant:0
 |   |   |- [+] [  7]
 |   |   |   |- Guid:2EF2D21846B868F14E273B9B9E0F5D03 BaseClass: NativeClass:/Script/Engine.ExponentialHeightFog Name:ExponentialHeightFog_0 Label:ExponentialHeightFog SpatiallyLoaded:0 Bounds:IsValid=true, Min=(X=-5600.000 Y=-50.000 Z=-6850.000), Max=(X=-5600.000 Y=-50.000 Z=-6850.000) RuntimeGrid:None EditorOnly:0 RuntimeOnly:0 HLODRelevant:0 FolderPath:Lighting FolderGuid:963EC3EB4002CCE9759E2EBA541A873A
 |   |   |- [+] [  8]
 |   |   |   |- Guid:BA94115F4322BACD945913956C66E946 BaseClass: NativeClass:/Script/Engine.StaticMeshActor Name:StaticMeshActor_UAID_A8A159B5737FBF9301_1595308009 Label:SM_Plane_1m_Bar SpatiallyLoaded:1 Bounds:IsValid=true, Min=(X=7.776 Y=15015.553 Z=-0.000), Max=(X=1007.776 Y=17015.553 Z=0.000) RuntimeGrid:None EditorOnly:0 RuntimeOnly:0 HLODRelevant:1
 |   |   |- [+] [  9]
 |   |   |   |- Guid:FEFBE15E4D8B00B2FCD56E82DBBAA449 BaseClass: NativeClass:/Script/Engine.DirectionalLight Name:DirectionalLight_0 Label:DirectionalLight SpatiallyLoaded:0 Bounds:IsValid=true, Min=(X=-4398046511104.000 Y=-4398046511104.000 Z=-4398046511104.000), Max=(X=4398046511104.000 Y=4398046511104.000 Z=4398046511104.000) RuntimeGrid:None EditorOnly:0 RuntimeOnly:0 HLODRelevant:0 FolderPath:Lighting FolderGuid:963EC3EB4002CCE9759E2EBA541A873A
 |   |   |- [+] [ 10]
 |   |   |   |- Guid:B0F0DDE2464901383A75FCBC1581FC09 BaseClass: NativeClass:/Script/Engine.StaticMeshActor Name:StaticMeshActor_UAID_A8A159B5737FBF9301_1626629010 Label:SM_Plane_1m_VIP SpatiallyLoaded:1 Bounds:IsValid=true, Min=(X=7.776 Y=20007.776 Z=-0.000), Max=(X=1007.776 Y=21007.776 Z=0.000) RuntimeGrid:None EditorOnly:0 RuntimeOnly:0 HLODRelevant:1
 |   |   |- [+] [ 11]
 |   |   |   |- Guid:8E7F0E3547E2F20DEEEF2981F35DEF4C BaseClass:/Game/Actor/Portal/BP_Portal_Bar_1.BP_Portal_Bar_1_C NativeClass:/Script/Engine.Actor Name:BP_Portal_Bar_1_C_UAID_A8A159B5737FC09301_1197188192 Label:BP_Portal_Bar_1 SpatiallyLoaded:1 Bounds:IsValid=true, Min=(X=285.105 Y=15440.000 Z=0.000), Max=(X=460.000 Y=15562.000 Z=250.000) RuntimeGrid:None EditorOnly:0 RuntimeOnly:0 HLODRelevant:0
 |   |   |- [+] [ 12]
 |   |   |   |- Guid:A6CDDA594A21AED20FB424884ED2E9CE BaseClass:/Game/Actor/Portal/BP_Portal_WorkRoom.BP_Portal_WorkRoom_C NativeClass:/Script/Engine.Actor Name:BP_Portal_WorkRoom_C_UAID_A8A159B5737FBF9301_1936607013 Label:BP_Portal_WorkRoom SpatiallyLoaded:1 Bounds:IsValid=true, Min=(X=205.105 Y=5060.000 Z=0.000), Max=(X=380.000 Y=5182.000 Z=250.000) RuntimeGrid:None EditorOnly:0 RuntimeOnly:0 HLODRelevant:0
 |   |   |- [+] [ 13]
 |   |   |   |- Guid:250C12924F1CCB715D8E4E858C70DFFF BaseClass: NativeClass:/Script/Engine.PostProcessVolume Name:PostProcessVolume_0 Label:PostProcessVolume SpatiallyLoaded:0 Bounds:IsValid=true, Min=(X=0.000 Y=0.000 Z=400.000), Max=(X=200.000 Y=200.000 Z=600.000) RuntimeGrid:None EditorOnly:0 RuntimeOnly:0 HLODRelevant:0 FolderPath:Lighting FolderGuid:963EC3EB4002CCE9759E2EBA541A873A
 |   |   |- [+] [ 14]
 |   |   |   |- Guid:E6D1FD3140E336EB25380A8F978EFFD8 BaseClass: NativeClass:/Script/Engine.StaticMeshActor Name:StaticMeshActor_UAID_A8A159B5737FBF9301_1529790008 Label:SM_Plane_1m_Street SpatiallyLoaded:1 Bounds:IsValid=true, Min=(X=7.776 Y=10015.553 Z=-0.000), Max=(X=1007.776 Y=12015.553 Z=0.000) RuntimeGrid:None EditorOnly:0 RuntimeOnly:0 HLODRelevant:1
 |   |   |- [+] [ 15]
 |   |   |   |- Guid:4A6A59DB4A00A459F73400938620DCB3 BaseClass: NativeClass:/Script/Engine.StaticMeshActor Name:StaticMeshActor_UAID_A8A159B5737FBF9301_1438391007 Label:SM_Plane_1m_WorkingRoom SpatiallyLoaded:1 Bounds:IsValid=true, Min=(X=7.776 Y=5027.218 Z=-0.000), Max=(X=1007.776 Y=8527.218 Z=0.000) RuntimeGrid:None EditorOnly:0 RuntimeOnly:0 HLODRelevant:1
 |   |   |- [+] [ 16]
 |   |   |   |- Guid:BD1C3E4842BCE62914B27CBA98B02931 BaseClass:/Game/Actor/Portal/BP_Portal_VIP.BP_Portal_VIP_C NativeClass:/Script/Engine.Actor Name:BP_Portal_VIP_C_UAID_A8A159B5737FC09301_1258991194 Label:BP_Portal_VIP SpatiallyLoaded:1 Bounds:IsValid=true, Min=(X=335.105 Y=20190.000 Z=0.000), Max=(X=510.000 Y=20312.000 Z=250.000) RuntimeGrid:None EditorOnly:0 RuntimeOnly:0 HLODRelevant:0
 |   |   |- [+] [ 17]
 |   |   |   |- Guid:50396ED644C042240C073298E3130269 BaseClass: NativeClass:/Script/Engine.StaticMeshActor Name:StaticMeshActor_UAID_A4AE111137DC5EFB00_1110535423 Label:SM_SkySphere SpatiallyLoaded:0 Bounds:IsValid=true, Min=(X=-1638400.000 Y=-1638400.000 Z=-1638400.000), Max=(X=1638400.000 Y=1638400.000 Z=1638400.000) RuntimeGrid:None EditorOnly:0 RuntimeOnly:0 HLODRelevant:1 FolderPath:Lighting FolderGuid:963EC3EB4002CCE9759E2EBA541A873A
 |   |   |- [+] [ 18]
 |   |   |   |- Guid:C3BACE354E5F8B182A15078A4EBB3342 BaseClass: NativeClass:/Script/Engine.WorldDataLayers Name:WorldDataLayers Label:WorldDataLayers SpatiallyLoaded:0 Bounds:IsValid=true, Min=(X=0.000 Y=0.000 Z=0.000), Max=(X=0.000 Y=0.000 Z=0.000) RuntimeGrid:None EditorOnly:0 RuntimeOnly:0 HLODRelevant:0
 |   |   |- [+] [ 19]
 |   |   |   |- Guid:707303A8459BCE7265E7FD95A51F57FD BaseClass:/Game/Actor/Portal/BP_Portal_Bar_3.BP_Portal_Bar_3_C NativeClass:/Script/Engine.Actor Name:BP_Portal_Bar_3_C_UAID_A8A159B5737FC09301_1904209195 Label:BP_Portal_Bar_3 SpatiallyLoaded:1 Bounds:IsValid=true, Min=(X=235.105 Y=16640.000 Z=0.000), Max=(X=410.000 Y=16762.000 Z=250.000) RuntimeGrid:None EditorOnly:0 RuntimeOnly:0 HLODRelevant:0
 |   |   |- [+] [ 20]
 |   |   |   |- Guid:5461DA7B47E99ED0A99CAD9D3F836E4F BaseClass:/Game/Actor/Portal/BP_Portal_Street_2.BP_Portal_Street_2_C NativeClass:/Script/Engine.Actor Name:BP_Portal_Street_2_C_UAID_A8A159B5737FBF9301_2109904014 Label:BP_Portal_Street_2 SpatiallyLoaded:1 Bounds:IsValid=true, Min=(X=435.105 Y=11640.000 Z=0.000), Max=(X=610.000 Y=11762.000 Z=250.000) RuntimeGrid:None EditorOnly:0 RuntimeOnly:0 HLODRelevant:0
 |   |   |- [+] [ 21]
 |   |   |   |- Guid:1638944C481FD4491A676A814938E70A BaseClass:/Game/Actor/Portal/BP_Portal_MeetingRoom_2.BP_Portal_MeetingRoom_2_C NativeClass:/Script/Engine.Actor Name:BP_Portal_MeetingRoom_2_C_UAID_A8A159B5737FBF9301_1826600012 Label:BP_Portal_MeetingRoom_2 SpatiallyLoaded:1 Bounds:IsValid=true, Min=(X=205.105 Y=1820.000 Z=0.000), Max=(X=380.000 Y=1942.000 Z=250.000) RuntimeGrid:None EditorOnly:0 RuntimeOnly:0 HLODRelevant:0
 |   |   |- [+] [ 22]
 |   |   |   |- Guid:AD69DB9F47DE74A76F8EBAA0A875368A BaseClass:/Game/Actor/Static/BP_Static.BP_Static_C NativeClass:/Script/Engine.Actor Name:BP_Static_C_UAID_A8A159B5737FC59301_1275176063 Label:BP_Static SpatiallyLoaded:1 Bounds:IsValid=true, Min=(X=500.000 Y=752.333 Z=2.333), Max=(X=500.000 Y=1052.333 Z=302.333) RuntimeGrid:None EditorOnly:0 RuntimeOnly:0 HLODRelevant:0
 |   |   |- [+] [ 23]
 |   |   |   |- Guid:08AB8139446457537734BFB9E67F8FB6 BaseClass:/Game/Actor/Item/BP_Item_Cloth_1.BP_Item_Cloth_1_C NativeClass:/Script/Engine.Actor Name:BP_Item_Cloth_1_C_UAID_A8A159B5737FC69301_1725996240 Label:BP_Item_Cloth_1 SpatiallyLoaded:1 Bounds:IsValid=true, Min=(X=735.105 Y=5340.000 Z=0.000), Max=(X=910.000 Y=5462.000 Z=250.000) RuntimeGrid:None EditorOnly:0 RuntimeOnly:0 HLODRelevant:0
 |   |   |- [+] [ 24]
 |   |   |   |- Guid:69F109C946485CBE485AA5AAADE46B28 BaseClass:/Game/Actor/Item/BP_Item_Cloth_2.BP_Item_Cloth_2_C NativeClass:/Script/Engine.Actor Name:BP_Item_Cloth_2_C_UAID_A8A159B5737FC69301_1747692241 Label:BP_Item_Cloth_2 SpatiallyLoaded:1 Bounds:IsValid=true, Min=(X=735.105 Y=5540.000 Z=0.000), Max=(X=910.000 Y=5662.000 Z=250.000) RuntimeGrid:None EditorOnly:0 RuntimeOnly:0 HLODRelevant:0
 |   |   |- [+] [ 25]
 |   |   |   |- Guid:5DEF9E064BBB572FBFC394BEE2CBFA77 BaseClass:/Game/Actor/Item/BP_Item_Cloth_3.BP_Item_Cloth_3_C NativeClass:/Script/Engine.Actor Name:BP_Item_Cloth_3_C_UAID_A8A159B5737FC69301_1756661242 Label:BP_Item_Cloth_3 SpatiallyLoaded:1 Bounds:IsValid=true, Min=(X=735.105 Y=5740.000 Z=0.000), Max=(X=910.000 Y=5862.000 Z=250.000) RuntimeGrid:None EditorOnly:0 RuntimeOnly:0 HLODRelevant:0
 |   |   |- [+] [ 26]
 |   |   |   |- Guid:19C9E7F94B249F5402117281E0814704 BaseClass:/Game/Actor/Item/BP_Item_Hair_1.BP_Item_Hair_1_C NativeClass:/Script/Engine.Actor Name:BP_Item_Hair_1_C_UAID_A8A159B5737FC69301_1777162243 Label:BP_Item_Hair_1 SpatiallyLoaded:1 Bounds:IsValid=true, Min=(X=635.105 Y=6190.000 Z=0.000), Max=(X=810.000 Y=6312.000 Z=250.000) RuntimeGrid:None EditorOnly:0 RuntimeOnly:0 HLODRelevant:0
 |   |   |- [+] [ 27]
 |   |   |   |- Guid:10A40D4343F5EFF7738C5DBA1C5EB550 BaseClass:/Game/Actor/Item/BP_Item_Hair_2.BP_Item_Hair_2_C NativeClass:/Script/Engine.Actor Name:BP_Item_Hair_2_C_UAID_A8A159B5737FC69301_1778748244 Label:BP_Item_Hair_2 SpatiallyLoaded:1 Bounds:IsValid=true, Min=(X=635.105 Y=6340.000 Z=0.000), Max=(X=810.000 Y=6462.000 Z=250.000) RuntimeGrid:None EditorOnly:0 RuntimeOnly:0 HLODRelevant:0
 |   |   |- [+] [ 28]
 |   |   |   |- Guid:F03267AE47473A6D4D66CE9CB8062495 BaseClass:/Game/Actor/Item/BP_Item_Hair_3.BP_Item_Hair_3_C NativeClass:/Script/Engine.Actor Name:BP_Item_Hair_3_C_UAID_A8A159B5737FC69301_1780316245 Label:BP_Item_Hair_3 SpatiallyLoaded:1 Bounds:IsValid=true, Min=(X=635.105 Y=6540.000 Z=0.000), Max=(X=810.000 Y=6662.000 Z=250.000) RuntimeGrid:None EditorOnly:0 RuntimeOnly:0 HLODRelevant:0
 |   |   |- [+] [ 29]
 |   |   |   |- Guid:D0031AB5466CDDBD5A992C8CE43A8D14 BaseClass:/Game/Actor/Item/BP_Item_Book_1.BP_Item_Book_1_C NativeClass:/Script/Engine.Actor Name:BP_Item_Book_1_C_UAID_A8A159B5737FC69301_1786118246 Label:BP_Item_Book_1 SpatiallyLoaded:1 Bounds:IsValid=true, Min=(X=635.105 Y=6940.000 Z=0.000), Max=(X=810.000 Y=7062.000 Z=250.000) RuntimeGrid:None EditorOnly:0 RuntimeOnly:0 HLODRelevant:0
 |   |   |- [+] [ 30]
 |   |   |   |- Guid:5A23C51247373030524FF785BA047E57 BaseClass:/Game/Actor/Item/BP_Item_Book_2.BP_Item_Book_2_C NativeClass:/Script/Engine.Actor Name:BP_Item_Book_2_C_UAID_A8A159B5737FC69301_1788361247 Label:BP_Item_Book_2 SpatiallyLoaded:1 Bounds:IsValid=true, Min=(X=635.105 Y=7090.000 Z=0.000), Max=(X=810.000 Y=7212.000 Z=250.000) RuntimeGrid:None EditorOnly:0 RuntimeOnly:0 HLODRelevant:0
 |   |   |- [+] [ 31]
 |   |   |   |- Guid:D590BFC342A40CB519CAC3A84E73105D BaseClass:/Game/Actor/Item/BP_Item_Book_3.BP_Item_Book_3_C NativeClass:/Script/Engine.Actor Name:BP_Item_Book_3_C_UAID_A8A159B5737FC69301_1789871248 Label:BP_Item_Book_3 SpatiallyLoaded:1 Bounds:IsValid=true, Min=(X=635.105 Y=7240.000 Z=0.000), Max=(X=810.000 Y=7362.000 Z=250.000) RuntimeGrid:None EditorOnly:0 RuntimeOnly:0 HLODRelevant:0
 |- ContainerInstances:
 |- [+] MainContainer:
 |   |-        ID: 0x0000000000000000
 |   |-    Bounds: IsValid=false, Min=(X=0.000 Y=0.000 Z=0.000), Max=(X=0.000 Y=0.000 Z=0.000)
 |   |- Transform: 0.000000,0.000000,0.000000|0.000000,0.000000,-0.000000|1.000000,1.000000,1.000000
 |   |- Container: /Game/Maps/Map_Main
----------------------------------------------------------------------------------------------------------------
Map_Main - Persistent Level
----------------------------------------------------------------------------------------------------------------
Always loaded Actor Count: 81 

----------------------------------------------------------------------------------------------------------------
Map_Main - Runtime Spatial Hash - Streaming Grid - MainGrid
----------------------------------------------------------------------------------------------------------------
            Origin: X=0.000 Y=0.000 Z=0.000
         Cell Size: 12800
      World Bounds: IsValid=false, Min=(X=0.000 Y=0.000 Z=0.000), Max=(X=0.000 Y=0.000 Z=0.000)
     Loading Range: 25600.00
Block Slow Loading: No
 ClientOnlyVisible: No

[+] Grid Levels: 1
 |- Level  0: Cell Count    0 | Cell Size   12800 | Actor Count    0 (0.0%)

[+] Content of Grid Level 0

